Subject{Software-Entwickler (Kennziffer: 172403001)}
Company{Schmitt GmbH}
Address{Wetterkreuz 3}
City{91058 Erlangen}
Anrede{Sehr geehrte Frau Yvonne Friedl}

Subject{Elektronik-Ingenieur Hardwareentwicklung}
Company{add on Personal und Lösungen GmbH}
Address{Bartholomäusstr. 26A}
City{90489 Nürnberg}
Anrede{Sehr geehrter Herr Dirk Gimperlein}

Subject{Ingenieur Elektrotechnik als Field Application Engineer (m/w/d) Semiconductor}
Company{RUTRONIK Elektronische Bauelemente GmbH}
Address{Industriestraße 2}
City{75228 Ispringen}
Anrede{Sehr geehrte Ansprechparnter/in}

Subject{Junior Softwareentwickler (m/w/x) C/C++}
Company{infoteam Software AG}
Address{Am Bauhof 9}
City{D-91088 Bubenreuth}
Anrede{Sehr geehrter Herr Raphael Hirschmann}

Subject{Junior Softwareentwickler Java}
Company{Cegeka Deutschland GmbH}
Address{Tullnaustraße 20}
City{90402 Nürnberg}
Anrede{Sehr geehrte Frau Jasmin Wenzel}

Subject{Softwareentwickler / Fachinformatiker}
Company{WAGNER Informatik GmbH}
Address{Allersberger Straße 185 N}
City{D-90461 Nürnberg}
Anrede{Sehr geehrte Frau Barbara Wagner}

Subject{IT Junior Expert}
Company{ING-DiBa AG}
Address{Theodor-Heuss-Allee 2}
City{60486 Frankfurt am Main}
Anrede{Sehr geehrte Ansprechparnter/in}

Subject{Anwendungs-/Datenbank-/Webentwickler}
Company{ITS Information Technology Services Limited}
Address{Hauptstr. 125 }
City{D-10827 Berlin}
Anrede{Sehr geehrte Ansprechparnter/in}

Subject{Entwicklungsingenieur für Elektrotechnik und Hardware}
Company{IfTA GmbH}
Address{Junkersstrasse 8}
City{82178 Puchheim bei München}
Anrede{Sehr geehrte Frau Iris Lang}

Subject{Software Engineer Eurofighter}
Company{Orizon GmbH, Unit Aviation}
Address{Hein-Saß-Weg 36}
City{21129 Hamburg}
Anrede{Sehr geehrte Frau Theres Sobotta}

Subject{Software Engineer}
Company{PRODATO Integration Technology GmbH}
Address{Herderstraße 5 - 9}
City{90427 Nürnberg}
Anrede{Sehr geehrte Frau Kerstin Richter }

Subject{Software Engineer - Data Management Applications}
Company{Brainlab AG}
Address{Olof-Palme-Straße 9}
City{81829 Munich}
Anrede{Sehr geehrte Frau Friederike Harms}

Subject{Softwareentwickler}
Company{Papp-Gruppe}
Address{Schreiberhauer Straße 5}
City{90475 Nürnberg}
Anrede{Sehr geehrter Herr Stefan Abraham }

Subject{Junior SW developer}
Company{Nokia Bell Labs}
Address{Nuremberg}
City{Germany}
Anrede{Sehr geehrte Ansprechparnter/in}

Subject{(Junior) Softwareentwickler Java}
Company{isento GmbH}
Address{Ostendstraße 242}
City{90482 Nürnberg}
Anrede{Sehr geehrter Herr Bernd Dinchel}

Subject{Junior Java Entwickler für agile Projekte (w/m/d)}
Company{Capgemini Deutschland}
Address{Olof-Palme Straße 14}
City{81829 München}
Anrede{Sehr geehrte Frau Melanie Meßner}

Subject{Junior Softwareentwickler Java }
Company{T-Systems on site services GmbH}
Address{Nürnberg}
City{Deutschland}
Anrede{Sehr geehrte Frau Antje Stach}

Subject{Junior Softwareentwickler Java (Mensch*) - Anwendungsentwicklung, IT}
Company{Faktor Zehn}
Address{Köln}
City{Deutschland}
Anrede{Sehr geehrte Frau Andrea Hohenadl}

Subject{Junior Software Entwickler}
Company{Computer Futures}
Address{Nürenberg}
City{Deutschland}
Anrede{Sehr geehrte Frau Angela Thiel}

Subject{Junior Big Data Software Engineer}
Company{OPITZ CONSULTING Deutschland GmbH}
Address{Norsk-Data-Straße 3}
City{61352 Bad Homburg v. d. H.}
Anrede{Sehr geehrte Frau Anja Düsel}

Subject{Junior Softwareentwickler Automotive (KENNZIFFER: NU14620864)}
Company{engineering people GmbH}
Address{Söflinger Straße 70}
City{89077 Ulm}
Anrede{Sehr geehrte Frau Julia Hass}

Subject{ava- und/oder Pythonprogrammierer (w/m/d) als Junior Consultant im Bereich Software Testing}
Company{Sogeti Deutschland GmbH}
Address{Balcke-Dürr-Allee 7}
City{40882 Ratingen}
Anrede{Sehr geehrte Ansprechparnter/in}

Subject{Software Entwickler (m/w/d) Frontend}
Company{ZA Zahnärztliche Abrechnungsgesellschaft Düsseldorf AG}
Address{Werftstraße 21}
City{40549 Düsseldorf}
Anrede{Sehr geehrte Ansprechparnter/in}

Subject{Ingenieur (m/w/d) Diplom / Master / Bachelor bzw. Techniker Elektrotechnik}
Company{Ingenieurbüro für Versorgungstechnik Kalb}
Address{Blumenstr. 21}
City{90762 Fürth, Deutschland}
Anrede{Sehr geehrte Ansprechparnter/in}

Subject{Frontend Softwareentwickler}
Company{Steinbeis Center of Management and Technology GmbH}
Address{Gottlieb-Manz-Str. 10 }
City{70794 Filderstadt}
Anrede{Sehr geehrte Frau Benita Kristen
Date{Wed Jun 03 2020 21:29:37 GMT+0200 (Central European Summer Time)}


Subject{NAV Anwendungsentwickler}
Company{VIA optronics GmbH}
Address{Sieboldstr. 18}
City{90411 Nürnber}
Anrede{Sehr geehrte Ansprechparnter/in
Date{Mon Jun 08 2020 00:20:03 GMT+0200 (Central European Summer Time)}


Subject{Junior Softwareentwickler}
Company{UBA Software GmbH}
Address{Beethovenstr. 10}
City{80336 München}
Anrede{Sehr geehrter Herr Dr. Heiko Bürger
Date{Mon Jun 08 2020 10:38:55 GMT+0200 (Central European Summer Time)}



Subject{(Junior) Software Developer (m/w/d) Java, C}
Company{S&P Computersysteme GmbH}
Address{Zettachring 4}
City{70567 Stuttgart}
Anrede{Sehr geehrter Herr Michael Bürkle
Date{Mon Jun 08 2020 11:32:38 GMT+0200 (Central European Summer Time)}

Subject{(Junior) Software Developer (m/w/d) Java, C}
Company{S und P Computersysteme GmbH}
Address{Zettachring 4}
City{70567 Stuttgart}
Anrede{Sehr geehrter Herr Michael Bürkle
Date{Mon Jun 08 2020 11:34:33 GMT+0200 (Central European Summer Time)}

Subject{Junior Web-Entwickler JavaScript / Java im IoT-Umfeld}
Company{SyroCon AG}
Address{Kölner Straße 3}
City{65760 Eschborn}
Anrede{Sehr geehrte Frau Carina Vollmar
Date{Mon Jun 08 2020 12:19:29 GMT+0200 (Central European Summer Time)}

Subject{(Junior) Softwareentwickler - Java / Google Go / Cloud}
Company{Sonny S3 GmbH}
Address{Holsteiner Str. 88}
City{28219 Bremen}
Anrede{Sehr geehrte Ansprechparnter/in
Date{Mon Jun 08 2020 12:22:26 GMT+0200 (Central European Summer Time)}

Subject{Junior Softwareentwickler Java}
Company{EDEKABANK AG}
Address{New-York-Ring 6}
City{22297 Hamburg}
Anrede{Sehr geehrter Herr Enrico Schenk
Date{Mon Jun 08 2020 12:28:04 GMT+0200 (Central European Summer Time)}

Subject{Softwareentwickler Benutzungsoberflächen/JAVA– ID 152}
Company{Bayerisches Landesamt für Steuern}
Address{Krelingstr. 50}
City{90408 Nürnberg}
Anrede{Sehr geehrte Frau Hadwiger
Date{Tue Jun 09 2020 09:37:49 GMT+0200 (Central European Summer Time)}

Subject{Software-Entwickler mit Web- & App-Schwerpunkt}
Company{Method Park}
Address{Wetterkreuz 19a}
City{91058 Erlangen}
Anrede{Sehr geehrter Herr Hannes Wobornik
Date{Tue Jun 09 2020 09:52:40 GMT+0200 (Central European Summer Time)}

Subject{Software-Entwickler mit Web- und App-Schwerpunkt}
Company{Method Park}
Address{Wetterkreuz 19a}
City{91058 Erlangen}
Anrede{Sehr geehrter Herr Hannes Wobornik
Date{Tue Jun 09 2020 09:53:00 GMT+0200 (Central European Summer Time)}

Subject{Consultant (d/m/w) im Bereich Information und IT-Security Management}
Company{HiSolutions AG}
Address{Schloßstraße 1}
City{12163 Berlin}
Anrede{Sehr geehrte Frau Verena Moewes
Date{Tue Jun 09 2020 10:09:19 GMT+0200 (Central European Summer Time)}

Subject{IT-Systemadministrator}
Company{PROJECT Immobilien - PI-761}
Address{Kürschnershof 2}
City{90403 Nürnberg}
Anrede{Sehr geehrte Frau Johanna Schrödel
Date{Tue Jun 09 2020 10:12:24 GMT+0200 (Central European Summer Time)}

Type{Software}
Subject{Systemengineer (d/m/w) Linux}
Company{NÜRNBERGER Lebensversicherung AG}
Address{Ostendstraße 100}
City{90334 Nürnberg}
Anrede{Sehr geehrter Herr Luca Drexler
Date{Tue Jun 09 2020 10:36:08 GMT+0200 (Central European Summer Time)}

Type{Software}
Subject{Informatikerin (w/m/d) im Bereich Client-Management}
Company{Hochschule   Ansbach}
Address{Residenzstraße 8}
City{91522 Ansbach}
Anrede{Sehr geehrte Frau Beyerlein
Date{Tue Jun 09 2020 10:40:51 GMT+0200 (Central European Summer Time)}



Type{Werkstudent}
Subject{Softwareentwickler}
Company{DATA  AHEAD}
Address{Prinzregentenufer 3 }
City{90489 Nürnberg}
Anrede{Sehr geehrte Ansprechparnter/in
Date{Tue Jun 09 2020 11:14:22 GMT+0200 (Central European Summer Time)}

Type{Werkstudent}
Subject{Softwareentwickler}
Company{DATA  AHEAD}
Address{Prinzregentenufer 3 }
City{90489 Nürnberg}
Anrede{Sehr geehrte Ansprechparnter/in
Date{Tue Jun 09 2020 11:16:41 GMT+0200 (Central European Summer Time)}

Type{Werkstudent}
Subject{Softwareentwickler}
Company{DATA  AHEAD}
Address{Prinzregentenufer 3 }
City{90489 Nürnberg}
Anrede{Sehr geehrte Ansprechparnter/in
Date{Tue Jun 09 2020 11:20:34 GMT+0200 (Central European Summer Time)}

Type{Werkstudent}
Subject{Werkstudent (m/w/d) IIoT}
Company{DATA  AHEAD}
Address{Prinzregentenufer 3 }
City{90489 Nürnberg}
Anrede{Sehr geehrte Ansprechparnter/in
Date{Tue Jun 09 2020 11:22:23 GMT+0200 (Central European Summer Time)}